<?xml version="1.0" encoding="UTF-8"?>
<!-- Generated by org.testng.reporters.JUnitReportReporter -->
<testsuite hostname="DESKTOP-SBM82VA" failures="0" tests="1" name="testCases.TC_001_AccountRegistration_Test" time="15.951" errors="0" timestamp="2024-08-05T13:41:44 IST" skipped="0">
  <testcase classname="testCases.TC_001_AccountRegistration_Test" name="Verify_Account_Registration" time="15.951"/>
</testsuite> <!-- testCases.TC_001_AccountRegistration_Test -->
